<?xml version="1.0" encoding="UTF-8"?>
<!-- Generated by org.testng.reporters.JUnitXMLReporter -->
<testsuite hostname="sys" name="FunctionalTest" tests="7" failures="6" timestamp="9 Aug 2016 19:19:29 GMT" time="6.905" errors="0">
  <testcase name="testClickLogin" time="0.157" classname="com.ts.tests.HomePageTest">
    <failure type="java.lang.NullPointerException">
      <![CDATA[java.lang.NullPointerException
	at com.ts.pages.HomePage.clickLogIn(HomePage.java:35)
	at com.ts.tests.HomePageTest.testClickLogin(HomePageTest.java:37)
... Removed 24 stack frames]]>
    </failure>
  </testcase> <!-- testClickLogin -->
  <testcase name="testClickSignupNow" time="0.076" classname="com.ts.tests.HomePageTest">
    <failure type="java.lang.NullPointerException">
      <![CDATA[java.lang.NullPointerException
	at com.ts.pages.HomePage.clickSignupNow(HomePage.java:26)
	at com.ts.tests.HomePageTest.testClickSignupNow(HomePageTest.java:32)
... Removed 24 stack frames]]>
    </failure>
  </testcase> <!-- testClickSignupNow -->
  <testcase name="testLogo" time="0.21" classname="com.ts.tests.HomePageTest">
    <failure type="java.lang.NullPointerException">
      <![CDATA[java.lang.NullPointerException
	at com.ts.pages.HomePage.checkLogo(HomePage.java:21)
	at com.ts.tests.HomePageTest.testLogo(HomePageTest.java:27)
... Removed 24 stack frames]]>
    </failure>
  </testcase> <!-- testLogo -->
  <testcase name="testClickCandidate" time="3.236" classname="com.ts.tests.HomePageTest">
    <failure type="java.lang.NullPointerException">
      <![CDATA[java.lang.NullPointerException
	at com.ts.pages.HomePage.clickCandidate(HomePage.java:58)
	at com.ts.tests.HomePageTest.testClickCandidate(HomePageTest.java:47)
... Removed 24 stack frames]]>
    </failure>
  </testcase> <!-- testClickCandidate -->
  <testcase name="testClickSubjects" time="2.879" classname="com.ts.tests.HomePageTest">
    <failure type="java.lang.NullPointerException">
      <![CDATA[java.lang.NullPointerException
	at com.ts.pages.HomePage.clickSubjects(HomePage.java:45)
	at com.ts.tests.HomePageTest.testClickSubjects(HomePageTest.java:42)
... Removed 24 stack frames]]>
    </failure>
  </testcase> <!-- testClickSubjects -->
  <testcase name="testFeaturedSubjects" time="0.22" classname="com.ts.tests.HomePageTest">
    <failure type="java.lang.NullPointerException">
      <![CDATA[java.lang.NullPointerException
	at com.ts.pages.HomePage.getFeaturedSubjectsText(HomePage.java:66)
	at com.ts.tests.HomePageTest.testFeaturedSubjects(HomePageTest.java:52)
... Removed 24 stack frames]]>
    </failure>
  </testcase> <!-- testFeaturedSubjects -->
  <testcase name="testSubjectsSlider" time="0.0" classname="com.ts.tests.HomePageTest">
    <skipped/>
  </testcase> <!-- testSubjectsSlider -->
</testsuite> <!-- FunctionalTest -->
